<?xml version="1.0" encoding="UTF-8"?>
<robot generator="Robot 7.2.2 (Python 3.12.4 on win32)" generated="2025-03-05T09:37:52.618723" rpa="false" schemaversion="5">
<suite id="s1" name="Tests" source="D:\QUIZ 3\flight_automation\tests">
<suite id="s1-s1" name="Login Test" source="D:\QUIZ 3\flight_automation\tests\login_test.robot">
<test id="s1-s1-t1" name="User Can Login Successfully" line="7">
<kw name="Open Application" owner="AppiumLibrary" type="SETUP">
<kw name="Capture Page Screenshot" owner="AppiumLibrary">
<msg time="2025-03-05T09:37:53.353164" level="FAIL">No application is open</msg>
<doc>Takes a screenshot of the current page and embeds it into the log.</doc>
<status status="FAIL" start="2025-03-05T09:37:53.352034" elapsed="0.013034">No application is open</status>
</kw>
<msg time="2025-03-05T09:37:53.367341" level="WARN">Keyword 'Capture Page Screenshot' could not be run on failure: No application is open</msg>
<msg time="2025-03-05T09:37:53.367341" level="FAIL">WebDriverException: Message: The requested resource could not be found, or a request was received using an HTTP method that is not supported by the mapped resource
</msg>
<arg>http://127.0.0.1:4723/wd/hub</arg>
<arg>platformName=Android</arg>
<arg>deviceName=emulator-5554</arg>
<arg>automationName=UiAutomator2</arg>
<arg>appPackage=com.example.app</arg>
<arg>appActivity=.MainActivity</arg>
<doc>Opens a new application to given Appium server.
Capabilities of appium server, Android and iOS,
Please check https://appium.io/docs/en/2.1/cli/args/
| *Option*            | *Man.* | *Description*     |
| remote_url          | Yes    | Appium server url |
| alias               | no     | alias             |
| strict_ssl          | No     | allows you to send commands to an invalid certificate host like a self-signed one. |</doc>
<status status="FAIL" start="2025-03-05T09:37:53.213953" elapsed="0.154839">WebDriverException: Message: The requested resource could not be found, or a request was received using an HTTP method that is not supported by the mapped resource
</status>
</kw>
<kw name="Close Application" owner="AppiumLibrary" type="TEARDOWN">
<kw name="Capture Page Screenshot" owner="AppiumLibrary">
<msg time="2025-03-05T09:37:53.370814" level="FAIL">No application is open</msg>
<doc>Takes a screenshot of the current page and embeds it into the log.</doc>
<status status="FAIL" start="2025-03-05T09:37:53.369808" elapsed="0.002006">No application is open</status>
</kw>
<msg time="2025-03-05T09:37:53.372815" level="WARN">Keyword 'Capture Page Screenshot' could not be run on failure: No application is open</msg>
<msg time="2025-03-05T09:37:53.373814" level="FAIL">No application is open</msg>
<doc>Closes the current application and also close webdriver session.</doc>
<status status="FAIL" start="2025-03-05T09:37:53.369808" elapsed="0.005047">No application is open</status>
</kw>
<doc>Menguji login dengan kredensial valid</doc>
<status status="FAIL" start="2025-03-05T09:37:53.209595" elapsed="0.165260">Setup failed:
WebDriverException: Message: The requested resource could not be found, or a request was received using an HTTP method that is not supported by the mapped resource


Also teardown failed:
No application is open</status>
</test>
<status status="FAIL" start="2025-03-05T09:37:52.691879" elapsed="0.684987"/>
</suite>
<status status="FAIL" start="2025-03-05T09:37:52.623064" elapsed="0.753802"/>
</suite>
<statistics>
<total>
<stat pass="0" fail="1" skip="0">All Tests</stat>
</total>
<tag>
</tag>
<suite>
<stat name="Tests" id="s1" pass="0" fail="1" skip="0">Tests</stat>
<stat name="Login Test" id="s1-s1" pass="0" fail="1" skip="0">Tests.Login Test</stat>
</suite>
</statistics>
<errors>
<msg time="2025-03-05T09:37:53.367341" level="WARN">Keyword 'Capture Page Screenshot' could not be run on failure: No application is open</msg>
<msg time="2025-03-05T09:37:53.372815" level="WARN">Keyword 'Capture Page Screenshot' could not be run on failure: No application is open</msg>
</errors>
</robot>
